0 verbose cli C:\Program Files\nodejs\node.exe C:\Program Files\nodejs\node_modules\npm\bin\npm-cli.js
1 info using npm@11.9.0
2 info using node@v24.14.0
3 silly config load:file:C:\Program Files\nodejs\node_modules\npm\npmrc
4 silly config load:file:C:\Users\chait\authos\t6\tailspin-web\.npmrc
5 silly config load:file:C:\Users\chait\.npmrc
6 silly config load:file:C:\Users\chait\AppData\Roaming\npm\etc\npmrc
7 verbose title npm install @types/next-pwa
8 verbose argv "install" "--save-dev" "@types/next-pwa" "--cache" ".npm-cache" "--no-audit" "--no-fund"
9 verbose logfile logs-max:10 dir:C:\Users\chait\authos\t6\tailspin-web\.npm-cache\_logs\2026-04-08T22_21_43_472Z-
10 verbose logfile C:\Users\chait\authos\t6\tailspin-web\.npm-cache\_logs\2026-04-08T22_21_43_472Z-debug-0.log
11 silly logfile done cleaning log files
12 silly packumentCache heap:4496293888 maxSize:1124073472 maxEntrySize:562036736
13 silly idealTree buildDeps
14 silly fetch manifest @types/next-pwa@*
15 silly packumentCache full:https://registry.npmjs.org/@types%2fnext-pwa cache-miss
16 verbose shrinkwrap failed to load node_modules/.package-lock.json out of date, updated: node_modules/@types
17 http cache https://registry.npmjs.org/@types%2fnext-pwa 46ms (cache hit)
18 silly packumentCache full:https://registry.npmjs.org/@types%2fnext-pwa set size:19286 disposed:false
19 silly placeDep ROOT @types/next-pwa@5.6.9 OK for: log-highlighter@1.0.0 want: *
20 silly fetch manifest next@^12.2.5 || ^13.0.0
21 silly packumentCache full:https://registry.npmjs.org/next cache-miss
22 http cache https://registry.npmjs.org/next 73ms (cache hit)
23 silly packumentCache full:https://registry.npmjs.org/next set size:29997044 disposed:false
24 silly fetch manifest @opentelemetry/api@^1.1.0
25 silly packumentCache full:https://registry.npmjs.org/@opentelemetry%2fapi cache-miss
26 http cache https://registry.npmjs.org/@opentelemetry%2fapi 190ms (cache hit)
27 silly packumentCache full:https://registry.npmjs.org/@opentelemetry%2fapi set size:272855 disposed:false
28 silly fetch manifest react@^18.2.0
29 silly packumentCache full:https://registry.npmjs.org/react cache-miss
30 http cache https://registry.npmjs.org/react 19ms (cache hit)
31 silly packumentCache full:https://registry.npmjs.org/react set size:6594137 disposed:false
32 silly fetch manifest react-dom@^18.2.0
33 silly packumentCache full:https://registry.npmjs.org/react-dom cache-miss
34 http cache https://registry.npmjs.org/react-dom 24ms (cache hit)
35 silly packumentCache full:https://registry.npmjs.org/react-dom set size:8771896 disposed:false
36 silly fetch manifest sass@^1.3.0
37 silly packumentCache full:https://registry.npmjs.org/sass cache-miss
38 http cache https://registry.npmjs.org/sass 10ms (cache hit)
39 silly packumentCache full:https://registry.npmjs.org/sass set size:726244 disposed:false
40 silly placeDep node_modules/@types/next-pwa next@13.5.11 OK for: @types/next-pwa@5.6.9 want: ^12.2.5 || ^13.0.0
41 silly fetch manifest postcss@8.4.31
42 silly packumentCache full:https://registry.npmjs.org/postcss cache-miss
43 silly fetch manifest @next/env@13.5.11
44 silly packumentCache full:https://registry.npmjs.org/@next%2fenv cache-miss
45 silly fetch manifest watchpack@2.4.0
46 silly packumentCache full:https://registry.npmjs.org/watchpack cache-miss
47 silly fetch manifest @swc/helpers@0.5.2
48 silly packumentCache full:https://registry.npmjs.org/@swc%2fhelpers cache-miss
49 silly fetch manifest @next/swc-darwin-x64@13.5.9
50 silly packumentCache full:https://registry.npmjs.org/@next%2fswc-darwin-x64 cache-miss
51 silly fetch manifest @next/swc-darwin-arm64@13.5.9
52 silly packumentCache full:https://registry.npmjs.org/@next%2fswc-darwin-arm64 cache-miss
53 silly fetch manifest @next/swc-linux-x64-gnu@13.5.9
54 silly packumentCache full:https://registry.npmjs.org/@next%2fswc-linux-x64-gnu cache-miss
55 silly fetch manifest @next/swc-linux-x64-musl@13.5.9
56 silly packumentCache full:https://registry.npmjs.org/@next%2fswc-linux-x64-musl cache-miss
57 silly fetch manifest @next/swc-win32-x64-msvc@13.5.9
58 silly packumentCache full:https://registry.npmjs.org/@next%2fswc-win32-x64-msvc cache-miss
59 silly fetch manifest @next/swc-linux-arm64-gnu@13.5.9
60 silly packumentCache full:https://registry.npmjs.org/@next%2fswc-linux-arm64-gnu cache-miss
61 silly fetch manifest @next/swc-win32-ia32-msvc@13.5.9
62 silly packumentCache full:https://registry.npmjs.org/@next%2fswc-win32-ia32-msvc cache-miss
63 silly fetch manifest @next/swc-linux-arm64-musl@13.5.9
64 silly packumentCache full:https://registry.npmjs.org/@next%2fswc-linux-arm64-musl cache-miss
65 silly fetch manifest @next/swc-win32-arm64-msvc@13.5.9
66 silly packumentCache full:https://registry.npmjs.org/@next%2fswc-win32-arm64-msvc cache-miss
67 http cache https://registry.npmjs.org/postcss 23ms (cache hit)
68 silly packumentCache full:https://registry.npmjs.org/postcss set size:705229 disposed:false
69 http cache https://registry.npmjs.org/watchpack 28ms (cache hit)
70 silly packumentCache full:https://registry.npmjs.org/watchpack set size:144588 disposed:false
71 http cache https://registry.npmjs.org/@next%2fswc-linux-x64-gnu 41ms (cache hit)
72 silly packumentCache full:https://registry.npmjs.org/@next%2fswc-linux-x64-gnu set size:5211022 disposed:false
73 http cache https://registry.npmjs.org/@swc%2fhelpers 66ms (cache hit)
74 silly packumentCache full:https://registry.npmjs.org/@swc%2fhelpers set size:726705 disposed:false
75 http cache https://registry.npmjs.org/@next%2fswc-win32-x64-msvc 78ms (cache hit)
76 silly packumentCache full:https://registry.npmjs.org/@next%2fswc-win32-x64-msvc set size:5183453 disposed:false
77 http cache https://registry.npmjs.org/@next%2fenv 108ms (cache hit)
78 silly packumentCache full:https://registry.npmjs.org/@next%2fenv set size:7138368 disposed:false
79 http cache https://registry.npmjs.org/@next%2fswc-darwin-arm64 139ms (cache hit)
80 silly packumentCache full:https://registry.npmjs.org/@next%2fswc-darwin-arm64 set size:5163009 disposed:false
81 http cache https://registry.npmjs.org/@next%2fswc-linux-x64-musl 163ms (cache hit)
82 silly packumentCache full:https://registry.npmjs.org/@next%2fswc-linux-x64-musl set size:4967213 disposed:false
83 http cache https://registry.npmjs.org/@next%2fswc-linux-arm64-musl 186ms (cache hit)
84 silly packumentCache full:https://registry.npmjs.org/@next%2fswc-linux-arm64-musl set size:5031308 disposed:false
85 http cache https://registry.npmjs.org/@next%2fswc-win32-ia32-msvc 208ms (cache hit)
86 silly packumentCache full:https://registry.npmjs.org/@next%2fswc-win32-ia32-msvc set size:3201597 disposed:false
87 http cache https://registry.npmjs.org/@next%2fswc-darwin-x64 237ms (cache hit)
88 silly packumentCache full:https://registry.npmjs.org/@next%2fswc-darwin-x64 set size:5107065 disposed:false
89 http cache https://registry.npmjs.org/@next%2fswc-win32-arm64-msvc 262ms (cache hit)
90 silly packumentCache full:https://registry.npmjs.org/@next%2fswc-win32-arm64-msvc set size:4996162 disposed:false
91 http cache https://registry.npmjs.org/@next%2fswc-linux-arm64-gnu 288ms (cache hit)
92 silly packumentCache full:https://registry.npmjs.org/@next%2fswc-linux-arm64-gnu set size:5013803 disposed:false
93 silly placeDep node_modules/@types/next-pwa @next/env@13.5.11 OK for: next@13.5.11 want: 13.5.11
94 silly placeDep node_modules/@types/next-pwa @next/swc-darwin-arm64@13.5.9 OK for: next@13.5.11 want: 13.5.9
95 silly placeDep node_modules/@types/next-pwa @next/swc-darwin-x64@13.5.9 OK for: next@13.5.11 want: 13.5.9
96 silly placeDep node_modules/@types/next-pwa @next/swc-linux-arm64-gnu@13.5.9 OK for: next@13.5.11 want: 13.5.9
97 silly placeDep node_modules/@types/next-pwa @next/swc-linux-arm64-musl@13.5.9 OK for: next@13.5.11 want: 13.5.9
98 silly placeDep node_modules/@types/next-pwa @next/swc-linux-x64-gnu@13.5.9 OK for: next@13.5.11 want: 13.5.9
99 silly placeDep node_modules/@types/next-pwa @next/swc-linux-x64-musl@13.5.9 OK for: next@13.5.11 want: 13.5.9
100 silly placeDep node_modules/@types/next-pwa @next/swc-win32-arm64-msvc@13.5.9 OK for: next@13.5.11 want: 13.5.9
101 silly placeDep node_modules/@types/next-pwa @next/swc-win32-ia32-msvc@13.5.9 OK for: next@13.5.11 want: 13.5.9
102 silly placeDep node_modules/@types/next-pwa @next/swc-win32-x64-msvc@13.5.9 OK for: next@13.5.11 want: 13.5.9
103 silly placeDep node_modules/@types/next-pwa @swc/helpers@0.5.2 OK for: next@13.5.11 want: 0.5.2
104 silly placeDep node_modules/@types/next-pwa postcss@8.4.31 OK for: next@13.5.11 want: 8.4.31
105 silly placeDep node_modules/@types/next-pwa watchpack@2.4.0 OK for: next@13.5.11 want: 2.4.0
106 silly reify mark retired [
106 silly reify   'C:\\Users\\chait\\authos\\t6\\tailspin-web\\node_modules\\@types\\next-pwa'
106 silly reify ]
107 silly reify moves {
107 silly reify   'C:\\Users\\chait\\authos\\t6\\tailspin-web\\node_modules\\@types\\next-pwa': 'C:\\Users\\chait\\authos\\t6\\tailspin-web\\node_modules\\@types\\.next-pwa-cauCghMH'
107 silly reify }
108 http cache @types/next-pwa@https://registry.npmjs.org/@types/next-pwa/-/next-pwa-5.6.9.tgz 0ms (cache hit)
109 http cache @swc/helpers@https://registry.npmjs.org/@swc/helpers/-/helpers-0.5.2.tgz 0ms (cache hit)
110 http cache @next/env@https://registry.npmjs.org/@next/env/-/env-13.5.11.tgz 0ms (cache hit)
111 http cache @next/swc-win32-x64-msvc@https://registry.npmjs.org/@next/swc-win32-x64-msvc/-/swc-win32-x64-msvc-13.5.9.tgz 0ms (cache hit)
112 http cache watchpack@https://registry.npmjs.org/watchpack/-/watchpack-2.4.0.tgz 0ms (cache hit)
113 http cache next@https://registry.npmjs.org/next/-/next-13.5.11.tgz 0ms (cache hit)
114 http cache postcss@https://registry.npmjs.org/postcss/-/postcss-8.4.31.tgz 0ms (cache hit)
115 silly tarball no local data for next@https://registry.npmjs.org/next/-/next-13.5.11.tgz. Extracting by manifest.
116 http fetch GET 200 https://registry.npmjs.org/next/-/next-13.5.11.tgz 28141ms (cache miss)
117 silly CHANGE node_modules/@types/next-pwa
118 silly CHANGE node_modules/@types/next-pwa/node_modules/@swc/helpers
119 silly CHANGE node_modules/@types/next-pwa/node_modules/@next/swc-win32-x64-msvc
120 silly CHANGE node_modules/@types/next-pwa/node_modules/@next/env
121 silly CHANGE node_modules/@types/next-pwa/node_modules/watchpack
122 silly CHANGE node_modules/@types/next-pwa/node_modules/postcss
123 silly CHANGE node_modules/@types/next-pwa/node_modules/next
124 verbose cwd C:\Users\chait\authos\t6\tailspin-web
125 verbose os Windows_NT 10.0.26200
126 verbose node v24.14.0
127 verbose npm  v11.9.0
128 verbose exit 0
129 info ok
